#
# A fatal error has been detected by the Java Runtime Environment:
#
#  Internal Error (javaClasses.cpp:136), pid=5952, tid=2896
#  fatal error: Invalid layout of preloaded class
#
# JRE version:  (7.0_51-b13) (build )
# Java VM: Java HotSpot(TM) 64-Bit Server VM (24.51-b03 mixed mode windows-amd64 compressed oops)
# Failed to write core dump. Minidumps are not enabled by default on client versions of Windows
#
# If you would like to submit a bug report, please visit:
#   http://bugreport.sun.com/bugreport/crash.jsp
#

---------------  T H R E A D  ---------------

Current thread (0x00000000029f2800):  JavaThread "Unknown thread" [_thread_in_vm, id=2896, stack(0x00000000028c0000,0x00000000029c0000)]

Stack: [0x00000000028c0000,0x00000000029c0000]

---------------  P R O C E S S  ---------------

Java Threads: ( => current thread )

Other Threads:

=>0x00000000029f2800 (exited) JavaThread "Unknown thread" [_thread_in_vm, id=2896, stack(0x00000000028c0000,0x00000000029c0000)]

VM state:not at safepoint (not fully initialized)

VM Mutex/Monitor currently owned by a thread: None

GC Heap History (0 events):
No events

Deoptimization events (0 events):
No events

Internal exceptions (0 events):
No events

Events (10 events):
Event: 0.008 loading class 0x0000000002a381e0 done
Event: 0.009 loading class 0x0000000002a37c00 done
Event: 0.009 loading class 0x0000000002a37be0
Event: 0.009 loading class 0x0000000002a3fce0
Event: 0.009 loading class 0x0000000002a3fce0 done
Event: 0.009 loading class 0x0000000002a3fd10
Event: 0.009 loading class 0x0000000002a3fd10 done
Event: 0.009 loading class 0x0000000002a3fd40
Event: 0.009 loading class 0x0000000002a3fd40 done
Event: 0.009 loading class 0x0000000002a37be0 done


Dynamic libraries:
0x000007f7705f0000 - 0x000007f770623000 	C:\Users\Simi_\Muse\bin\javaw.exe
0x000007fc97990000 - 0x000007fc97b4e000 	C:\Windows\SYSTEM32\ntdll.dll
0x000007fc97730000 - 0x000007fc97867000 	C:\Windows\system32\KERNEL32.DLL
0x000007fc94c40000 - 0x000007fc94d34000 	C:\Windows\system32\KERNELBASE.dll
0x000007fc96640000 - 0x000007fc9671e000 	C:\Windows\system32\ADVAPI32.dll
0x000007fc96b20000 - 0x000007fc96c6c000 	C:\Windows\system32\USER32.dll
0x000007fc92aa0000 - 0x000007fc92d0a000 	C:\Windows\WinSxS\amd64_microsoft.windows.common-controls_6595b64144ccf1df_6.0.9200.16579_none_418ab7ef718b27ef\COMCTL32.dll
0x000007fc968c0000 - 0x000007fc96965000 	C:\Windows\system32\msvcrt.dll
0x000007fc96870000 - 0x000007fc968b8000 	C:\Windows\SYSTEM32\sechost.dll
0x000007fc96720000 - 0x000007fc96865000 	C:\Windows\system32\RPCRT4.dll
0x000007fc975e0000 - 0x000007fc97721000 	C:\Windows\system32\GDI32.dll
0x000007fc96c80000 - 0x000007fc96cb9000 	C:\Windows\system32\IMM32.DLL
0x000007fc97870000 - 0x000007fc97986000 	C:\Windows\system32\MSCTF.dll
0x00000000550e0000 - 0x00000000551b2000 	C:\Users\Simi_\Muse\bin\msvcr100.dll
0x0000000054910000 - 0x00000000550d9000 	C:\Users\Simi_\Muse\bin\server\jvm.dll
0x000007fc8e9a0000 - 0x000007fc8e9a9000 	C:\Windows\SYSTEM32\WSOCK32.dll
0x000007fc84620000 - 0x000007fc84640000 	C:\Windows\SYSTEM32\WINMM.dll
0x000007fc96c70000 - 0x000007fc96c77000 	C:\Windows\system32\PSAPI.DLL
0x000007fc963e0000 - 0x000007fc96438000 	C:\Windows\system32\WS2_32.dll
0x000007fc83980000 - 0x000007fc839b3000 	C:\Windows\SYSTEM32\WINMMBASE.dll
0x000007fc96970000 - 0x000007fc96979000 	C:\Windows\system32\NSI.dll
0x000007fc948e0000 - 0x000007fc9492f000 	C:\Windows\SYSTEM32\cfgmgr32.dll
0x000007fc94d40000 - 0x000007fc94d62000 	C:\Windows\system32\DEVOBJ.dll
0x0000000054900000 - 0x000000005490f000 	C:\Users\Simi_\Muse\bin\verify.dll
0x00000000548d0000 - 0x00000000548f8000 	C:\Users\Simi_\Muse\bin\java.dll
0x00000000548b0000 - 0x00000000548c5000 	C:\Users\Simi_\Muse\bin\zip.dll

VM Arguments:
jvm_args: -Dfile.encoding=Cp1252 -Xbootclasspath:C:\Users\Simi_\Developer\adt-bundle-windows-x86_64-20140702\sdk\platforms\android-19\android.jar;C:\Users\Simi_\Developer\adt-bundle-windows-x86_64-20140702\sdk\add-ons\addon-google_apis-google-19-1\libs\effects.jar;C:\Users\Simi_\Developer\adt-bundle-windows-x86_64-20140702\sdk\add-ons\addon-google_apis-google-19-1\libs\usb.jar;C:\Users\Simi_\Developer\adt-bundle-windows-x86_64-20140702\sdk\add-ons\addon-google_apis-google-19-1\libs\maps.jar 
java_command: com.example.activity2.SearchYoutube
Launcher Type: SUN_STANDARD

Environment Variables:
PATH=C:\Program Files (x86)\Intel\iCLS Client\;C:\Program Files\Intel\iCLS Client\;C:\Windows\system32;C:\Windows;C:\Windows\System32\Wbem;C:\Windows\System32\WindowsPowerShell\v1.0\;C:\Program Files (x86)\Windows Live\Shared;C:\Program Files\Intel\Intel(R) Management Engine Components\DAL;C:\Program Files\Intel\Intel(R) Management Engine Components\IPT;C:\Program Files (x86)\Intel\Intel(R) Management Engine Components\DAL;C:\Program Files (x86)\Intel\Intel(R) Management Engine Components\IPT
USERNAME=Simi_
OS=Windows_NT
PROCESSOR_IDENTIFIER=Intel64 Family 6 Model 69 Stepping 1, GenuineIntel



---------------  S Y S T E M  ---------------

OS: Windows 8 , 64 bit Build 9200 

CPU:total 4 (2 cores per cpu, 2 threads per core) family 6 model 69 stepping 1, cmov, cx8, fxsr, mmx, sse, sse2, sse3, ssse3, sse4.1, sse4.2, popcnt, avx, avx2, aes, erms, ht, tsc, tscinvbit

Memory: 4k page, physical 8269656k(5289756k free), swap 16658264k(12902232k free)

vm_info: Java HotSpot(TM) 64-Bit Server VM (24.51-b03) for windows-amd64 JRE (1.7.0_51-b13), built on Dec 18 2013 18:40:56 by "java_re" with unknown MS VC++:1600

time: Thu Aug 21 21:25:54 2014
elapsed time: 0 seconds

