#
# A fatal error has been detected by the Java Runtime Environment:
#
#  Internal Error (javaClasses.cpp:127), pid=6192, tid=8636
#  fatal error: Invalid layout of preloaded class
#
# JRE version:  (8.0_40-b20) (build )
# Java VM: Java HotSpot(TM) 64-Bit Server VM (25.40-b23 mixed mode windows-amd64 compressed oops)
# Failed to write core dump. Minidumps are not enabled by default on client versions of Windows
#
# If you would like to submit a bug report, please visit:
#   http://bugreport.java.com/bugreport/crash.jsp
#

---------------  T H R E A D  ---------------

Current thread (0x0000000001fe2800):  JavaThread "Unknown thread" [_thread_in_vm, id=8636, stack(0x0000000001ee0000,0x0000000001fe0000)]

Stack: [0x0000000001ee0000,0x0000000001fe0000]
Native frames: (J=compiled Java code, j=interpreted, Vv=VM code, C=native code)
V  [jvm.dll+0x32b0da]
V  [jvm.dll+0x279473]
V  [jvm.dll+0x27a109]
V  [jvm.dll+0x2714a6]
V  [jvm.dll+0x68253]
V  [jvm.dll+0x68343]
V  [jvm.dll+0x7d8ea]
V  [jvm.dll+0x7dc46]
V  [jvm.dll+0xf22d7]
V  [jvm.dll+0xf2666]
V  [jvm.dll+0x20ede7]
V  [jvm.dll+0x240aca]
V  [jvm.dll+0x15b931]
C  [javaw.exe+0x217e]
C  [javaw.exe+0xcd17]
C  [javaw.exe+0xcdab]
C  [KERNEL32.DLL+0x13d2]
C  [ntdll.dll+0x15444]


---------------  P R O C E S S  ---------------

Java Threads: ( => current thread )

Other Threads:

=>0x0000000001fe2800 (exited) JavaThread "Unknown thread" [_thread_in_vm, id=8636, stack(0x0000000001ee0000,0x0000000001fe0000)]

VM state:not at safepoint (not fully initialized)

VM Mutex/Monitor currently owned by a thread: None

GC Heap History (0 events):
No events

Deoptimization events (0 events):
No events

Internal exceptions (0 events):
No events

Events (10 events):
Event: 0.079 loading class java/lang/CharSequence done
Event: 0.079 loading class java/lang/String done
Event: 0.079 loading class java/lang/Class
Event: 0.079 loading class java/lang/reflect/AnnotatedElement
Event: 0.079 loading class java/lang/reflect/AnnotatedElement done
Event: 0.079 loading class java/lang/reflect/GenericDeclaration
Event: 0.079 loading class java/lang/reflect/GenericDeclaration done
Event: 0.079 loading class java/lang/reflect/Type
Event: 0.079 loading class java/lang/reflect/Type done
Event: 0.079 loading class java/lang/Class done


Dynamic libraries:
0x00007ff7339f0000 - 0x00007ff733a27000 	C:\Program Files\Java\jre1.8.0_40\bin\javaw.exe
0x00007ffd857f0000 - 0x00007ffd8599c000 	C:\WINDOWS\SYSTEM32\ntdll.dll
0x00007ffd839f0000 - 0x00007ffd83b2e000 	C:\WINDOWS\system32\KERNEL32.DLL
0x00007ffd82a10000 - 0x00007ffd82b25000 	C:\WINDOWS\system32\KERNELBASE.dll
0x00007ffd814e0000 - 0x00007ffd8156e000 	C:\WINDOWS\system32\apphelp.dll
0x00007ffd67980000 - 0x00007ffd679d3000 	C:\WINDOWS\AppPatch\AppPatch64\AcGenral.DLL
0x00007ffd83930000 - 0x00007ffd839da000 	C:\WINDOWS\system32\msvcrt.dll
0x00007ffd82710000 - 0x00007ffd8273e000 	C:\WINDOWS\SYSTEM32\SspiCli.dll
0x00007ffd833e0000 - 0x00007ffd83434000 	C:\WINDOWS\system32\SHLWAPI.dll
0x00007ffd85670000 - 0x00007ffd857e7000 	C:\WINDOWS\system32\USER32.dll
0x00007ffd82f20000 - 0x00007ffd830b4000 	C:\WINDOWS\system32\ole32.dll
0x00007ffd84150000 - 0x00007ffd85668000 	C:\WINDOWS\system32\SHELL32.dll
0x00007ffd81ee0000 - 0x00007ffd81f01000 	C:\WINDOWS\SYSTEM32\USERENV.dll
0x00007ffd82e70000 - 0x00007ffd82f1a000 	C:\WINDOWS\system32\ADVAPI32.dll
0x00007ffd73540000 - 0x00007ffd7355e000 	C:\WINDOWS\SYSTEM32\MPR.dll
0x00007ffd83650000 - 0x00007ffd83791000 	C:\WINDOWS\system32\RPCRT4.dll
0x00007ffd83440000 - 0x00007ffd83499000 	C:\WINDOWS\SYSTEM32\sechost.dll
0x00007ffd83b30000 - 0x00007ffd83d41000 	C:\WINDOWS\SYSTEM32\combase.dll
0x00007ffd83e50000 - 0x00007ffd83fa1000 	C:\WINDOWS\system32\GDI32.dll
0x00007ffd82940000 - 0x00007ffd82955000 	C:\WINDOWS\SYSTEM32\profapi.dll
0x00007ffd80f10000 - 0x00007ffd80fc2000 	C:\WINDOWS\SYSTEM32\SHCORE.dll
0x00007ffd83e10000 - 0x00007ffd83e46000 	C:\WINDOWS\system32\IMM32.DLL
0x00007ffd837c0000 - 0x00007ffd83912000 	C:\WINDOWS\system32\MSCTF.dll
0x00007ffd7f760000 - 0x00007ffd7f9db000 	C:\WINDOWS\WinSxS\amd64_microsoft.windows.common-controls_6595b64144ccf1df_6.0.9600.17415_none_6240486fecbd8abb\COMCTL32.dll
0x0000000053670000 - 0x0000000053742000 	C:\Program Files\Java\jre1.8.0_40\bin\msvcr100.dll
0x0000000053b10000 - 0x0000000054392000 	C:\Program Files\Java\jre1.8.0_40\bin\server\jvm.dll
0x00007ffd7c260000 - 0x00007ffd7c269000 	C:\WINDOWS\SYSTEM32\WSOCK32.dll
0x00007ffd72ee0000 - 0x00007ffd72f02000 	C:\WINDOWS\SYSTEM32\WINMM.dll
0x00007ffd774f0000 - 0x00007ffd774fa000 	C:\WINDOWS\SYSTEM32\VERSION.dll
0x00007ffd839e0000 - 0x00007ffd839e7000 	C:\WINDOWS\system32\PSAPI.DLL
0x00007ffd83380000 - 0x00007ffd833da000 	C:\WINDOWS\system32\WS2_32.dll
0x00007ffd72eb0000 - 0x00007ffd72eda000 	C:\WINDOWS\SYSTEM32\WINMMBASE.dll
0x00007ffd837a0000 - 0x00007ffd837a9000 	C:\WINDOWS\system32\NSI.dll
0x00007ffd82c40000 - 0x00007ffd82c8f000 	C:\WINDOWS\SYSTEM32\cfgmgr32.dll
0x00007ffd81740000 - 0x00007ffd81768000 	C:\WINDOWS\SYSTEM32\DEVOBJ.dll
0x0000000053a20000 - 0x0000000053a2f000 	C:\Program Files\Java\jre1.8.0_40\bin\verify.dll
0x00000000539f0000 - 0x0000000053a19000 	C:\Program Files\Java\jre1.8.0_40\bin\java.dll
0x00000000539d0000 - 0x00000000539e6000 	C:\Program Files\Java\jre1.8.0_40\bin\zip.dll
0x00007ffd679e0000 - 0x00007ffd67b6a000 	C:\WINDOWS\SYSTEM32\dbghelp.dll

VM Arguments:
jvm_args: -Dfile.encoding=Cp1252 -Xbootclasspath:C:\Users\Simi_\Developer\adt-bundle-windows-x86_64-20140702\sdk\platforms\android-19\android.jar;C:\Users\Simi_\Developer\adt-bundle-windows-x86_64-20140702\sdk\add-ons\addon-google_apis-google-19-1\libs\usb.jar;C:\Users\Simi_\Developer\adt-bundle-windows-x86_64-20140702\sdk\add-ons\addon-google_apis-google-19-1\libs\effects.jar;C:\Users\Simi_\Developer\adt-bundle-windows-x86_64-20140702\sdk\add-ons\addon-google_apis-google-19-1\libs\maps.jar 
java_command: com.example.activity2.HistoryList
java_class_path (initial): C:\Users\Simi_\workspace\GOAT Music Downloader\bin\classes;C:\Users\Simi_\workspace\GOAT Music Downloader\libs\google-api-client-android-1.19.0.jar;C:\Users\Simi_\workspace\GOAT Music Downloader\libs\google-api-client-servlet-1.19.0.jar;C:\Users\Simi_\workspace\GOAT Music Downloader\libs\jackson-core-asl-1.9.11.jar;C:\Users\Simi_\workspace\GOAT Music Downloader\libs\google-api-services-youtube-v3-rev113-1.19.0.jar;C:\Users\Simi_\workspace\GOAT Music Downloader\libs\google-http-client-jdo-1.19.0.jar;C:\Users\Simi_\workspace\GOAT Music Downloader\libs\google-http-client-gson-1.19.0.jar;C:\Users\Simi_\workspace\GOAT Music Downloader\libs\google-api-client-java6-1.19.0.jar;C:\Users\Simi_\workspace\GOAT Music Downloader\libs\google-api-client-appengine-1.19.0.jar;C:\Users\Simi_\workspace\GOAT Music Downloader\libs\google-http-client-appengine-1.19.0.jar;C:\Users\Simi_\workspace\appcompat_v7\bin\appcompat_v7.jar;C:\Users\Simi_\workspace\GOAT Music Downloader\libs\commons-io-2.4.jar;C:\Users\Simi_\workspace\GOAT Music Downloader\libs\google-http-client-jackson2-1.19.0.jar;C:\Users\Simi_\workspace\GOAT Music Downloader\libs\jdo2-api-2.3-eb.jar;C:\Users\Simi_\workspace\GOAT Music Downloader\libs\httpclient-4.0.1.jar;C:\Users\Simi_\workspace\GOAT Music Downloader\libs\google-api-client-jackson2-1.19.0.jar;C:\Users\Simi_\workspace\GOAT Music Downloader\libs\google-http-client-android-1.19.0.jar;C:\Users\Simi_\workspace\GOAT Music Downloader\libs\jackson-core-2.1.3.jar;C:\Users\Simi_\workspace\GOAT Music Downloader\libs\google-http-client-1.19.0.jar;C:\Users\Simi_\workspace\GOAT Music Downloader\libs\google-oauth-client-servlet-1.19.0.jar;C:\Users\Simi_\workspace\GOAT Music Downloader\libs\google-api-client-gson-1.19.0.jar;C:\Users\Simi_\workspace\GOAT Music Downloader\libs\google-oauth-client-jetty-1.19.0.jar;C:\Users\Simi_\workspace\appcompat_v7\libs\android-support-v4.jar;C:\Users\Simi_\workspace\GOAT Music Downloader\libs\gson-2.1.jar;C:\Users\S
Launcher Type: SUN_STANDARD

Environment Variables:
JAVA_HOME=C:\Program Files\Java\jdk1.8.0_40
PATH=C:/Program Files/Java/jre1.8.0_40/bin/server;C:/Program Files/Java/jre1.8.0_40/bin;C:/Program Files/Java/jre1.8.0_40/lib/amd64;C:\ProgramData\Oracle\Java\javapath;C:\Program Files (x86)\Intel\iCLS Client\;C:\Program Files\Intel\iCLS Client\;C:\WINDOWS\system32;C:\WINDOWS;C:\WINDOWS\System32\Wbem;C:\WINDOWS\System32\WindowsPowerShell\v1.0\;C:\Program Files (x86)\Windows Live\Shared;C:\Program Files\Intel\Intel(R) Management Engine Components\DAL;C:\Program Files\Intel\Intel(R) Management Engine Components\IPT;C:\Program Files (x86)\Intel\Intel(R) Management Engine Components\DAL;C:\Program Files (x86)\Intel\Intel(R) Management Engine Components\IPT;C:\Program Files\SlikSvn\bin;C:\Program Files (x86)\Skype\Phone\;%SVN%;C:\Program Files\Apache Software Foundation\apache-maven-3.2.5\bin;C:\Program Files\Java\jdk1.8.0_40\bin;C:\Program Files (x86)\SSH Communications Security\SSH Secure Shell;C:\Users\Simi_\Developer\adt-bundle-windows-x86_64-20140702\eclipse;
USERNAME=Simi_
OS=Windows_NT
PROCESSOR_IDENTIFIER=Intel64 Family 6 Model 69 Stepping 1, GenuineIntel



---------------  S Y S T E M  ---------------

OS: Windows 8.1 , 64 bit Build 9600 (6.3.9600.17415)

CPU:total 4 (2 cores per cpu, 2 threads per core) family 6 model 69 stepping 1, cmov, cx8, fxsr, mmx, sse, sse2, sse3, ssse3, sse4.1, sse4.2, popcnt, avx, avx2, aes, clmul, erms, lzcnt, ht, tsc, tscinvbit, bmi1, bmi2

Memory: 4k page, physical 8269660k(3894868k free), swap 16658268k(10955088k free)

vm_info: Java HotSpot(TM) 64-Bit Server VM (25.40-b23) for windows-amd64 JRE (1.8.0_40-ea-b20), built on Dec 31 2014 12:52:21 by "java_re" with MS VC++ 10.0 (VS2010)

time: Fri May 15 01:25:35 2015
elapsed time: 0 seconds (0d 0h 0m 0s)

