#
# A fatal error has been detected by the Java Runtime Environment:
#
#  Internal Error (javaClasses.cpp:127), pid=2260, tid=10780
#  fatal error: Invalid layout of preloaded class
#
# JRE version:  (8.0_40-b20) (build )
# Java VM: Java HotSpot(TM) 64-Bit Server VM (25.40-b23 mixed mode windows-amd64 compressed oops)
# Failed to write core dump. Minidumps are not enabled by default on client versions of Windows
#
# If you would like to submit a bug report, please visit:
#   http://bugreport.java.com/bugreport/crash.jsp
#

---------------  T H R E A D  ---------------

Current thread (0x000000000107e800):  JavaThread "Unknown thread" [_thread_in_vm, id=10780, stack(0x00000000027e0000,0x00000000028e0000)]

Stack: [0x00000000027e0000,0x00000000028e0000]
Native frames: (J=compiled Java code, j=interpreted, Vv=VM code, C=native code)
V  [jvm.dll+0x32b0da]
V  [jvm.dll+0x279473]
V  [jvm.dll+0x27a109]
V  [jvm.dll+0x2714a6]
V  [jvm.dll+0x68253]
V  [jvm.dll+0x68343]
V  [jvm.dll+0x7d8ea]
V  [jvm.dll+0x7dc46]
V  [jvm.dll+0xf22d7]
V  [jvm.dll+0xf2666]
V  [jvm.dll+0x20ede7]
V  [jvm.dll+0x240aca]
V  [jvm.dll+0x15b931]
C  [javaw.exe+0x217e]
C  [javaw.exe+0xcd17]
C  [javaw.exe+0xcdab]
C  [KERNEL32.DLL+0x13d2]
C  [ntdll.dll+0x15444]


---------------  P R O C E S S  ---------------

Java Threads: ( => current thread )

Other Threads:

=>0x000000000107e800 (exited) JavaThread "Unknown thread" [_thread_in_vm, id=10780, stack(0x00000000027e0000,0x00000000028e0000)]

VM state:not at safepoint (not fully initialized)

VM Mutex/Monitor currently owned by a thread: None

GC Heap History (0 events):
No events

Deoptimization events (0 events):
No events

Internal exceptions (0 events):
No events

Events (10 events):
Event: 0.019 loading class java/lang/CharSequence done
Event: 0.019 loading class java/lang/String done
Event: 0.019 loading class java/lang/Class
Event: 0.019 loading class java/lang/reflect/AnnotatedElement
Event: 0.019 loading class java/lang/reflect/AnnotatedElement done
Event: 0.019 loading class java/lang/reflect/GenericDeclaration
Event: 0.019 loading class java/lang/reflect/GenericDeclaration done
Event: 0.019 loading class java/lang/reflect/Type
Event: 0.019 loading class java/lang/reflect/Type done
Event: 0.019 loading class java/lang/Class done


Dynamic libraries:
0x00007ff7a3080000 - 0x00007ff7a30b7000 	C:\Program Files\Java\jre1.8.0_40\bin\javaw.exe
0x00007ffd476c0000 - 0x00007ffd4786c000 	C:\WINDOWS\SYSTEM32\ntdll.dll
0x00007ffd45410000 - 0x00007ffd4554e000 	C:\WINDOWS\system32\KERNEL32.DLL
0x00007ffd448e0000 - 0x00007ffd449f5000 	C:\WINDOWS\system32\KERNELBASE.dll
0x00007ffd433b0000 - 0x00007ffd4343e000 	C:\WINDOWS\system32\apphelp.dll
0x00007ffd3b070000 - 0x00007ffd3b0c3000 	C:\WINDOWS\AppPatch\AppPatch64\AcGenral.DLL
0x00007ffd475d0000 - 0x00007ffd4767a000 	C:\WINDOWS\system32\msvcrt.dll
0x00007ffd445e0000 - 0x00007ffd4460e000 	C:\WINDOWS\SYSTEM32\SspiCli.dll
0x00007ffd45120000 - 0x00007ffd45174000 	C:\WINDOWS\system32\SHLWAPI.dll
0x00007ffd457c0000 - 0x00007ffd45937000 	C:\WINDOWS\system32\USER32.dll
0x00007ffd45550000 - 0x00007ffd456e4000 	C:\WINDOWS\system32\ole32.dll
0x00007ffd45e30000 - 0x00007ffd47348000 	C:\WINDOWS\system32\SHELL32.dll
0x00007ffd43db0000 - 0x00007ffd43dd1000 	C:\WINDOWS\SYSTEM32\USERENV.dll
0x00007ffd45180000 - 0x00007ffd4522a000 	C:\WINDOWS\system32\ADVAPI32.dll
0x00007ffd35520000 - 0x00007ffd3553e000 	C:\WINDOWS\SYSTEM32\MPR.dll
0x00007ffd45ce0000 - 0x00007ffd45e21000 	C:\WINDOWS\system32\RPCRT4.dll
0x00007ffd44e30000 - 0x00007ffd44e89000 	C:\WINDOWS\SYSTEM32\sechost.dll
0x00007ffd45ac0000 - 0x00007ffd45cd1000 	C:\WINDOWS\SYSTEM32\combase.dll
0x00007ffd44f60000 - 0x00007ffd450b1000 	C:\WINDOWS\system32\GDI32.dll
0x00007ffd44810000 - 0x00007ffd44825000 	C:\WINDOWS\SYSTEM32\profapi.dll
0x00007ffd42d80000 - 0x00007ffd42e32000 	C:\WINDOWS\SYSTEM32\SHCORE.dll
0x00007ffd47680000 - 0x00007ffd476b6000 	C:\WINDOWS\system32\IMM32.DLL
0x00007ffd45950000 - 0x00007ffd45aa2000 	C:\WINDOWS\system32\MSCTF.dll
0x00007ffd42200000 - 0x00007ffd4247b000 	C:\WINDOWS\WinSxS\amd64_microsoft.windows.common-controls_6595b64144ccf1df_6.0.9600.17415_none_6240486fecbd8abb\COMCTL32.dll
0x000000005c200000 - 0x000000005c2d2000 	C:\Program Files\Java\jre1.8.0_40\bin\msvcr100.dll
0x000000005c450000 - 0x000000005ccd2000 	C:\Program Files\Java\jre1.8.0_40\bin\server\jvm.dll
0x00007ffd2fa40000 - 0x00007ffd2fa49000 	C:\WINDOWS\SYSTEM32\WSOCK32.dll
0x00007ffd34d70000 - 0x00007ffd34d92000 	C:\WINDOWS\SYSTEM32\WINMM.dll
0x00007ffd3a0f0000 - 0x00007ffd3a0fa000 	C:\WINDOWS\SYSTEM32\VERSION.dll
0x00007ffd44e20000 - 0x00007ffd44e27000 	C:\WINDOWS\system32\PSAPI.DLL
0x00007ffd47570000 - 0x00007ffd475ca000 	C:\WINDOWS\system32\WS2_32.dll
0x00007ffd34d40000 - 0x00007ffd34d6a000 	C:\WINDOWS\SYSTEM32\WINMMBASE.dll
0x00007ffd456f0000 - 0x00007ffd456f9000 	C:\WINDOWS\system32\NSI.dll
0x00007ffd44c40000 - 0x00007ffd44c8f000 	C:\WINDOWS\SYSTEM32\cfgmgr32.dll
0x00007ffd43610000 - 0x00007ffd43638000 	C:\WINDOWS\SYSTEM32\DEVOBJ.dll
0x000000005cef0000 - 0x000000005ceff000 	C:\Program Files\Java\jre1.8.0_40\bin\verify.dll
0x000000005c340000 - 0x000000005c369000 	C:\Program Files\Java\jre1.8.0_40\bin\java.dll
0x000000005c320000 - 0x000000005c336000 	C:\Program Files\Java\jre1.8.0_40\bin\zip.dll
0x00007ffd2abc0000 - 0x00007ffd2ad4a000 	C:\WINDOWS\SYSTEM32\dbghelp.dll

VM Arguments:
jvm_args: -Dfile.encoding=Cp1252 -Xbootclasspath:C:\Users\Simi_\Developer\adt-bundle-windows-x86_64-20140702\sdk\platforms\android-19\android.jar;C:\Users\Simi_\Developer\adt-bundle-windows-x86_64-20140702\sdk\add-ons\addon-google_apis-google-19-1\libs\usb.jar;C:\Users\Simi_\Developer\adt-bundle-windows-x86_64-20140702\sdk\add-ons\addon-google_apis-google-19-1\libs\effects.jar;C:\Users\Simi_\Developer\adt-bundle-windows-x86_64-20140702\sdk\add-ons\addon-google_apis-google-19-1\libs\maps.jar 
java_command: com.example.activity2.SearchYoutube
java_class_path (initial): C:\Users\Simi_\workspace\Activity2\bin\classes;C:\Users\Simi_\workspace\Activity2\libs\google-api-client-android-1.19.0.jar;C:\Users\Simi_\workspace\Activity2\libs\google-api-client-servlet-1.19.0.jar;C:\Users\Simi_\workspace\Activity2\libs\jackson-core-asl-1.9.11.jar;C:\Users\Simi_\workspace\Activity2\libs\google-api-services-youtube-v3-rev113-1.19.0.jar;C:\Users\Simi_\workspace\Activity2\libs\google-http-client-jdo-1.19.0.jar;C:\Users\Simi_\workspace\Activity2\libs\google-api-client-java6-1.19.0.jar;C:\Users\Simi_\workspace\Activity2\libs\google-http-client-gson-1.19.0.jar;C:\Users\Simi_\workspace\Activity2\libs\google-http-client-appengine-1.19.0.jar;C:\Users\Simi_\workspace\Activity2\libs\google-api-client-appengine-1.19.0.jar;C:\Users\Simi_\workspace\appcompat_v7\bin\appcompat_v7.jar;C:\Users\Simi_\workspace\Activity2\libs\commons-io-2.4.jar;C:\Users\Simi_\workspace\Activity2\libs\google-http-client-jackson2-1.19.0.jar;C:\Users\Simi_\workspace\Activity2\libs\jdo2-api-2.3-eb.jar;C:\Users\Simi_\workspace\Activity2\libs\httpclient-4.0.1.jar;C:\Users\Simi_\workspace\Activity2\libs\google-api-client-jackson2-1.19.0.jar;C:\Users\Simi_\workspace\Activity2\libs\google-http-client-android-1.19.0.jar;C:\Users\Simi_\workspace\Activity2\libs\jackson-core-2.1.3.jar;C:\Users\Simi_\workspace\Activity2\libs\google-http-client-1.19.0.jar;C:\Users\Simi_\workspace\Activity2\libs\google-oauth-client-servlet-1.19.0.jar;C:\Users\Simi_\workspace\Activity2\libs\google-api-client-gson-1.19.0.jar;C:\Users\Simi_\workspace\Activity2\libs\google-oauth-client-jetty-1.19.0.jar;C:\Users\Simi_\workspace\Activity2\libs\android-support-v4.jar;C:\Users\Simi_\workspace\Activity2\libs\gson-2.1.jar;C:\Users\Simi_\workspace\Activity2\libs\google-http-client-protobuf-1.17.0-rc.jar;C:\Users\Simi_\workspace\Activity2\libs\google-oauth-client-appengine-1.19.0.jar;C:\Users\Simi_\workspace\Activity2\libs\google-oauth-client-java6-1.19.0.jar;C:\Users\Simi_\workspace\Activity2\li
Launcher Type: SUN_STANDARD

Environment Variables:
JAVA_HOME=C:\Program Files\Java\jdk1.8.0_40
PATH=C:/Program Files/Java/jre1.8.0_40/bin/server;C:/Program Files/Java/jre1.8.0_40/bin;C:/Program Files/Java/jre1.8.0_40/lib/amd64;C:\ProgramData\Oracle\Java\javapath;C:\Program Files (x86)\Intel\iCLS Client\;C:\Program Files\Intel\iCLS Client\;C:\WINDOWS\system32;C:\WINDOWS;C:\WINDOWS\System32\Wbem;C:\WINDOWS\System32\WindowsPowerShell\v1.0\;C:\Program Files (x86)\Windows Live\Shared;C:\Program Files\Intel\Intel(R) Management Engine Components\DAL;C:\Program Files\Intel\Intel(R) Management Engine Components\IPT;C:\Program Files (x86)\Intel\Intel(R) Management Engine Components\DAL;C:\Program Files (x86)\Intel\Intel(R) Management Engine Components\IPT;C:\Program Files\SlikSvn\bin;C:\Program Files (x86)\Skype\Phone\;%SVN%;C:\Program Files\Apache Software Foundation\apache-maven-3.2.5\bin;C:\Program Files\Java\jdk1.8.0_40\bin;C:\Program Files (x86)\SSH Communications Security\SSH Secure Shell;C:\Users\Simi_\Developer\adt-bundle-windows-x86_64-20140702\eclipse;
USERNAME=Simi_
OS=Windows_NT
PROCESSOR_IDENTIFIER=Intel64 Family 6 Model 69 Stepping 1, GenuineIntel



---------------  S Y S T E M  ---------------

OS: Windows 8.1 , 64 bit Build 9600 (6.3.9600.17415)

CPU:total 4 (2 cores per cpu, 2 threads per core) family 6 model 69 stepping 1, cmov, cx8, fxsr, mmx, sse, sse2, sse3, ssse3, sse4.1, sse4.2, popcnt, avx, avx2, aes, clmul, erms, lzcnt, ht, tsc, tscinvbit, bmi1, bmi2

Memory: 4k page, physical 8269660k(3186924k free), swap 9580380k(3037904k free)

vm_info: Java HotSpot(TM) 64-Bit Server VM (25.40-b23) for windows-amd64 JRE (1.8.0_40-ea-b20), built on Dec 31 2014 12:52:21 by "java_re" with MS VC++ 10.0 (VS2010)

time: Thu May 07 22:18:04 2015
elapsed time: 0 seconds (0d 0h 0m 0s)

