#
# A fatal error has been detected by the Java Runtime Environment:
#
#  Internal Error (javaClasses.cpp:136), pid=6052, tid=348
#  fatal error: Invalid layout of preloaded class
#
# JRE version:  (7.0_51-b13) (build )
# Java VM: Java HotSpot(TM) 64-Bit Server VM (24.51-b03 mixed mode windows-amd64 compressed oops)
# Failed to write core dump. Minidumps are not enabled by default on client versions of Windows
#
# If you would like to submit a bug report, please visit:
#   http://bugreport.sun.com/bugreport/crash.jsp
#

---------------  T H R E A D  ---------------

Current thread (0x0000000001fb2800):  JavaThread "Unknown thread" [_thread_in_vm, id=348, stack(0x0000000001eb0000,0x0000000001fb0000)]

Stack: [0x0000000001eb0000,0x0000000001fb0000]

---------------  P R O C E S S  ---------------

Java Threads: ( => current thread )

Other Threads:

=>0x0000000001fb2800 (exited) JavaThread "Unknown thread" [_thread_in_vm, id=348, stack(0x0000000001eb0000,0x0000000001fb0000)]

VM state:not at safepoint (not fully initialized)

VM Mutex/Monitor currently owned by a thread: None

GC Heap History (0 events):
No events

Deoptimization events (0 events):
No events

Internal exceptions (0 events):
No events

Events (10 events):
Event: 0.009 loading class 0x0000000001ff6110 done
Event: 0.010 loading class 0x0000000001ff5b30 done
Event: 0.010 loading class 0x0000000001ff5b10
Event: 0.010 loading class 0x0000000001ffdc10
Event: 0.010 loading class 0x0000000001ffdc10 done
Event: 0.010 loading class 0x0000000001ffdc40
Event: 0.010 loading class 0x0000000001ffdc40 done
Event: 0.010 loading class 0x0000000001ffdc70
Event: 0.010 loading class 0x0000000001ffdc70 done
Event: 0.010 loading class 0x0000000001ff5b10 done


Dynamic libraries:
0x000007f6506d0000 - 0x000007f650703000 	C:\Users\Simi_\Muse\bin\javaw.exe
0x000007fac5340000 - 0x000007fac54fe000 	C:\Windows\SYSTEM32\ntdll.dll
0x000007fac4110000 - 0x000007fac4247000 	C:\Windows\system32\KERNEL32.DLL
0x000007fac22a0000 - 0x000007fac2394000 	C:\Windows\system32\KERNELBASE.dll
0x000007fac4f70000 - 0x000007fac504e000 	C:\Windows\system32\ADVAPI32.dll
0x000007fac2cd0000 - 0x000007fac2e1c000 	C:\Windows\system32\USER32.dll
0x000007fabf260000 - 0x000007fabf4ca000 	C:\Windows\WinSxS\amd64_microsoft.windows.common-controls_6595b64144ccf1df_6.0.9200.16579_none_418ab7ef718b27ef\COMCTL32.dll
0x000007fac4eb0000 - 0x000007fac4f55000 	C:\Windows\system32\msvcrt.dll
0x000007fac46b0000 - 0x000007fac46f8000 	C:\Windows\SYSTEM32\sechost.dll
0x000007fac4b30000 - 0x000007fac4c75000 	C:\Windows\system32\RPCRT4.dll
0x000007fac5050000 - 0x000007fac5191000 	C:\Windows\system32\GDI32.dll
0x000007fac2850000 - 0x000007fac2889000 	C:\Windows\system32\IMM32.DLL
0x000007fac2730000 - 0x000007fac2846000 	C:\Windows\system32\MSCTF.dll
0x0000000066780000 - 0x0000000066852000 	C:\Users\Simi_\Muse\bin\msvcr100.dll
0x0000000065fb0000 - 0x0000000066779000 	C:\Users\Simi_\Muse\bin\server\jvm.dll
0x000007faaba10000 - 0x000007faaba19000 	C:\Windows\SYSTEM32\WSOCK32.dll
0x000007fab5530000 - 0x000007fab5550000 	C:\Windows\SYSTEM32\WINMM.dll
0x000007fac2cc0000 - 0x000007fac2cc7000 	C:\Windows\system32\PSAPI.DLL
0x000007fac42b0000 - 0x000007fac4308000 	C:\Windows\system32\WS2_32.dll
0x000007fab5460000 - 0x000007fab5493000 	C:\Windows\SYSTEM32\WINMMBASE.dll
0x000007fac4f60000 - 0x000007fac4f69000 	C:\Windows\system32\NSI.dll
0x000007fac2450000 - 0x000007fac249f000 	C:\Windows\SYSTEM32\cfgmgr32.dll
0x000007fac24a0000 - 0x000007fac24c2000 	C:\Windows\system32\DEVOBJ.dll
0x0000000065fa0000 - 0x0000000065faf000 	C:\Users\Simi_\Muse\bin\verify.dll
0x0000000065f70000 - 0x0000000065f98000 	C:\Users\Simi_\Muse\bin\java.dll
0x0000000065f50000 - 0x0000000065f65000 	C:\Users\Simi_\Muse\bin\zip.dll

VM Arguments:
jvm_args: -Dfile.encoding=Cp1252 -Xbootclasspath:C:\Users\Simi_\Developer\adt-bundle-windows-x86_64-20140702\sdk\platforms\android-19\android.jar;C:\Users\Simi_\Developer\adt-bundle-windows-x86_64-20140702\sdk\add-ons\addon-google_apis-google-19-1\libs\effects.jar;C:\Users\Simi_\Developer\adt-bundle-windows-x86_64-20140702\sdk\add-ons\addon-google_apis-google-19-1\libs\usb.jar;C:\Users\Simi_\Developer\adt-bundle-windows-x86_64-20140702\sdk\add-ons\addon-google_apis-google-19-1\libs\maps.jar 
java_command: com.example.activity2.Test2
Launcher Type: SUN_STANDARD

Environment Variables:
PATH=C:\Program Files (x86)\Intel\iCLS Client\;C:\Program Files\Intel\iCLS Client\;C:\Windows\system32;C:\Windows;C:\Windows\System32\Wbem;C:\Windows\System32\WindowsPowerShell\v1.0\;C:\Program Files (x86)\Windows Live\Shared;C:\Program Files\Intel\Intel(R) Management Engine Components\DAL;C:\Program Files\Intel\Intel(R) Management Engine Components\IPT;C:\Program Files (x86)\Intel\Intel(R) Management Engine Components\DAL;C:\Program Files (x86)\Intel\Intel(R) Management Engine Components\IPT
USERNAME=Simi_
OS=Windows_NT
PROCESSOR_IDENTIFIER=Intel64 Family 6 Model 69 Stepping 1, GenuineIntel



---------------  S Y S T E M  ---------------

OS: Windows 8 , 64 bit Build 9200 

CPU:total 4 (2 cores per cpu, 2 threads per core) family 6 model 69 stepping 1, cmov, cx8, fxsr, mmx, sse, sse2, sse3, ssse3, sse4.1, sse4.2, popcnt, avx, avx2, aes, erms, ht, tsc, tscinvbit

Memory: 4k page, physical 8269656k(2099932k free), swap 12228204k(1992136k free)

vm_info: Java HotSpot(TM) 64-Bit Server VM (24.51-b03) for windows-amd64 JRE (1.7.0_51-b13), built on Dec 18 2013 18:40:56 by "java_re" with unknown MS VC++:1600

time: Sat Aug 09 15:54:19 2014
elapsed time: 0 seconds

